0 info it worked if it ends with ok
1 verbose cli [ '/Users/August/.nvm/versions/node/v6.7.0/bin/node',
1 verbose cli   '/Users/August/.nvm/versions/node/v6.7.0/bin/npm',
1 verbose cli   'publish' ]
2 info using npm@3.10.3
3 info using node@v6.7.0
4 verbose publish [ '.' ]
5 silly cache add args [ '.', null ]
6 verbose cache add spec .
7 silly cache add parsed spec Result {
7 silly cache add   raw: '.',
7 silly cache add   scope: null,
7 silly cache add   escapedName: null,
7 silly cache add   name: null,
7 silly cache add   rawSpec: '.',
7 silly cache add   spec: '/Users/August/Documents/crazy-taxi',
7 silly cache add   type: 'directory' }
8 verbose addLocalDirectory /Users/August/.npm/crazy-taxi/0.1.2/package.tgz not in flight; packing
9 verbose correctMkdir /Users/August/.npm correctMkdir not in flight; initializing
10 info lifecycle crazy-taxi@0.1.2~prepublish: crazy-taxi@0.1.2
11 silly lifecycle crazy-taxi@0.1.2~prepublish: no script for prepublish, continuing
12 verbose tar pack [ '/Users/August/.npm/crazy-taxi/0.1.2/package.tgz',
12 verbose tar pack   '/Users/August/Documents/crazy-taxi' ]
13 verbose tarball /Users/August/.npm/crazy-taxi/0.1.2/package.tgz
14 verbose folder /Users/August/Documents/crazy-taxi
15 verbose addLocalTarball adding from inside cache /Users/August/.npm/crazy-taxi/0.1.2/package.tgz
16 verbose correctMkdir /Users/August/.npm correctMkdir not in flight; initializing
17 silly cache afterAdd crazy-taxi@0.1.2
18 verbose afterAdd /Users/August/.npm/crazy-taxi/0.1.2/package/package.json not in flight; writing
19 verbose correctMkdir /Users/August/.npm correctMkdir not in flight; initializing
20 verbose afterAdd /Users/August/.npm/crazy-taxi/0.1.2/package/package.json written
21 silly publish { name: 'crazy-taxi',
21 silly publish   version: '0.1.2',
21 silly publish   description: 'A wrapper around mithril that utilizes mithril-node-render and webpack to render mithril templates server side along with their bundle so that tehy function seamlessly on the client.',
21 silly publish   main: 'index.js',
21 silly publish   scripts: { test: 'echo "Error: no test specified" && exit 1' },
21 silly publish   repository:
21 silly publish    { type: 'git',
21 silly publish      url: 'git+ssh://git@github.com/AugustBrenner/crazy-taxi.git' },
21 silly publish   keywords: [ 'mithril', 'hyperscript', 'univeral', 'isomorphic' ],
21 silly publish   author: { name: 'August Ryan Brenner' },
21 silly publish   license: 'MIT',
21 silly publish   bugs: { url: 'https://github.com/AugustBrenner/crazy-taxi/issues' },
21 silly publish   homepage: 'https://github.com/AugustBrenner/crazy-taxi#readme',
21 silly publish   dependencies:
21 silly publish    { 'ignore-loader': '^0.1.2',
21 silly publish      mithril: '^1.0.0-rc.2',
21 silly publish      'mithril-node-render': 'github:stephanhoyer/mithril-node-render#rewrite',
21 silly publish      'node-uuid': '^1.4.7',
21 silly publish      shortid: '^2.2.6',
21 silly publish      webpack: '^1.13.3' },
21 silly publish   readme: 'Crazy Taxi\n========\nUniversal Javascript easy and seamless\n\n----------\n\nCrazy taxi is based on Mithril.js and uses hyperscript syntax (pure JS) for it\'s templates.  Dead simple backend rendering.\n\n\tvar ct = require(\'crazy-taxi’)\n\n\tvar component = ct.compile(\'./component.js’)\n\t\n\tvar compiledHTMLString = component({name: ‘Joe’})\n\n\n\nThe rendering of each component is independent, and functions independently on the front end.  Any attributes you pass into the compiled function are pre-rendered and hydrated automatically on the client!\n\n\t`<head>\n\t\t<title>Craaaaazy Taaaaxi</title>\n\t</head>\n\t\n\t<body>\n\t \t<h1>\n\t\t\t${  component_one({name: ‘Joe’})  }\n\t\t\t${  component_one({name: ‘Schmoe’})  }\n\t\t<h2>\n\t\t\n\t\t<p>\n\t\t\t${  component_two({title: ‘Programmer’})  }\n\t\t</p>\n\n\t\t<div>\n\t\t\t<p>Don\'t be afraid to write HUUUUGE components!</p>\n\t\t\t${  HUGE_COMPONENT_with_lots_of_children()  }\n\t\t</div>\n\t</body>`\n',
21 silly publish   readmeFilename: 'README.md',
21 silly publish   gitHead: 'dfd9b2d464e6ca50e58986e41a35078663a881e9',
21 silly publish   _id: 'crazy-taxi@0.1.2',
21 silly publish   _shasum: 'e0185249121437fd268a8416e85d7874e7f1f0c2',
21 silly publish   _from: '.' }
22 verbose getPublishConfig undefined
23 silly mapToRegistry name crazy-taxi
24 silly mapToRegistry using default registry
25 silly mapToRegistry registry https://registry.npmjs.org/
26 silly mapToRegistry data Result {
26 silly mapToRegistry   raw: 'crazy-taxi',
26 silly mapToRegistry   scope: null,
26 silly mapToRegistry   escapedName: 'crazy-taxi',
26 silly mapToRegistry   name: 'crazy-taxi',
26 silly mapToRegistry   rawSpec: '',
26 silly mapToRegistry   spec: 'latest',
26 silly mapToRegistry   type: 'tag' }
27 silly mapToRegistry uri https://registry.npmjs.org/crazy-taxi
28 verbose publish registryBase https://registry.npmjs.org/
29 silly publish uploading /Users/August/.npm/crazy-taxi/0.1.2/package.tgz
30 verbose request uri https://registry.npmjs.org/crazy-taxi
31 verbose request sending authorization for write operation
32 info attempt registry request try #1 at 7:31:37 PM
33 verbose request using bearer token for auth
34 verbose request id 87e019eaf04a7769
35 http request PUT https://registry.npmjs.org/crazy-taxi
36 http 403 https://registry.npmjs.org/crazy-taxi
37 verbose headers { 'content-type': 'application/json',
37 verbose headers   'cache-control': 'max-age=300',
37 verbose headers   'content-length': '95',
37 verbose headers   'accept-ranges': 'bytes',
37 verbose headers   date: 'Sat, 12 Nov 2016 03:31:37 GMT',
37 verbose headers   via: '1.1 varnish',
37 verbose headers   connection: 'keep-alive',
37 verbose headers   'x-served-by': 'cache-sjc3636-SJC',
37 verbose headers   'x-cache': 'MISS',
37 verbose headers   'x-cache-hits': '0',
37 verbose headers   'x-timer': 'S1478921497.822565,VS0,VE136',
37 verbose headers   vary: 'Accept-Encoding' }
38 verbose request invalidating /Users/August/.npm/registry.npmjs.org/crazy-taxi on PUT
39 error publish Failed PUT 403
40 verbose stack Error: "You cannot publish over the previously published version 0.1.2." : crazy-taxi
40 verbose stack     at makeError (/Users/August/.nvm/versions/node/v6.7.0/lib/node_modules/npm/node_modules/npm-registry-client/lib/request.js:264:12)
40 verbose stack     at CachingRegistryClient.<anonymous> (/Users/August/.nvm/versions/node/v6.7.0/lib/node_modules/npm/node_modules/npm-registry-client/lib/request.js:252:14)
40 verbose stack     at Request._callback (/Users/August/.nvm/versions/node/v6.7.0/lib/node_modules/npm/node_modules/npm-registry-client/lib/request.js:172:14)
40 verbose stack     at Request.self.callback (/Users/August/.nvm/versions/node/v6.7.0/lib/node_modules/npm/node_modules/request/request.js:200:22)
40 verbose stack     at emitTwo (events.js:106:13)
40 verbose stack     at Request.emit (events.js:191:7)
40 verbose stack     at Request.<anonymous> (/Users/August/.nvm/versions/node/v6.7.0/lib/node_modules/npm/node_modules/request/request.js:1067:10)
40 verbose stack     at emitOne (events.js:101:20)
40 verbose stack     at Request.emit (events.js:188:7)
40 verbose stack     at IncomingMessage.<anonymous> (/Users/August/.nvm/versions/node/v6.7.0/lib/node_modules/npm/node_modules/request/request.js:988:12)
41 verbose statusCode 403
42 verbose pkgid crazy-taxi
43 verbose cwd /Users/August/Documents/crazy-taxi
44 error Darwin 15.6.0
45 error argv "/Users/August/.nvm/versions/node/v6.7.0/bin/node" "/Users/August/.nvm/versions/node/v6.7.0/bin/npm" "publish"
46 error node v6.7.0
47 error npm  v3.10.3
48 error code E403
49 error "You cannot publish over the previously published version 0.1.2." : crazy-taxi
50 error If you need help, you may report this error at:
50 error     <https://github.com/npm/npm/issues>
51 verbose exit [ 1, true ]
